<?xml version="1.0" encoding="UTF-8"?>
<!-- Generated by org.testng.reporters.JUnitXMLReporter -->
<testsuite ignored="0" hostname="LAPTOP-TF7ID873" failures="0" tests="10" name="Report" time="80.342" errors="0" timestamp="2023-04-03T15:58:04 IST">
  <testcase classname="march31.TestngFirst" name="Cbanking" time="3.518"/>
  <testcase classname="march31.TestngFirst" name="Ibanking" time="3.375"/>
  <testcase classname="march31.TestngFirst" name="Pbanking" time="3.845"/>
  <testcase classname="april1.FirstTestngclass" name="addition" time="6.4"/>
  <testcase classname="april1.FirstTestngclass" name="division" time="6.345"/>
  <testcase classname="april1.FirstTestngclass" name="multiplication" time="6.356"/>
  <testcase classname="april1.SecondTestng" name="users" time="5.044"/>
  <testcase classname="april1.SecondTestng" name="roles" time="4.235"/>
  <testcase classname="april1.SecondTestng" name="employees" time="4.63"/>
  <testcase classname="april1.SecondTestng" name="branches" time="3.993"/>
</testsuite> <!-- Report -->
