<?xml version="1.0" encoding="UTF-8"?>
<!-- Generated by org.testng.reporters.JUnitXMLReporter -->
<testsuite ignored="0" hostname="LAPTOP-TF7ID873" failures="0" tests="3" name="Test1" time="43.143" errors="0" timestamp="2023-04-03T16:20:15 IST">
  <testcase classname="april1.FirstTestngclass" name="addition" time="6.361"/>
  <testcase classname="april1.FirstTestngclass" name="division" time="6.355"/>
  <testcase classname="april1.FirstTestngclass" name="multiplication" time="6.327"/>
</testsuite> <!-- Test1 -->
