<?xml version="1.0" encoding="UTF-8"?>
<!-- Generated by org.testng.reporters.JUnitXMLReporter -->
<testsuite ignored="0" hostname="LAPTOP-TF7ID873" failures="0" tests="4" name="Test2" time="15.906" errors="0" timestamp="2023-04-03T16:19:48 IST">
  <testcase classname="april1.SecondTestng" name="users" time="4.251"/>
  <testcase classname="april1.SecondTestng" name="roles" time="3.618"/>
  <testcase classname="april1.SecondTestng" name="employees" time="4.094"/>
  <testcase classname="april1.SecondTestng" name="branches" time="3.873"/>
</testsuite> <!-- Test2 -->
